audit_meta: reading /home/novatics64/escworker/pcb.ai/docs/RULES_MANIFEST.md
  Manifest names: 18 audit functions, 44 fix/place scripts
  On disk: 25 audit functions, 229 scripts in scripts/

=== MISSING ARTIFACTS (declared in manifest, not on disk) ===
  none ✓

=== ORPHANS (on disk, not in manifest) ===
  audit functions not in manifest (7):
    check_diff_pair_balance()
    check_mount_hole_vs_body()
    check_pad_overlap()
    check_plane_island()
    check_subsystem_zone()
    check_unrouted_nets()
    check_via_density()
  scripts not in manifest (185):
    add_star_point_tp.py
    add_sw_vias.py
    aggressive_resolver.py
    analytical_placement_proxies.py
    apply_motor_strain_relief.py
    apply_silkscreen.py
    audit_anchor_pitch.py
    audit_antenna_structure.py
    audit_assembly_drawing.py
    audit_body_bbox_overlap.py
    audit_bom_lcsc.py
    audit_cable_swing.py
    audit_channel_bom_match.py
    audit_connector_symmetry.py
    audit_crosstalk_spacing.py
    audit_diff_pair_match.py
    audit_diff_pair_z0.py
    audit_doc_sync.py
    audit_edge_keepout.py
    audit_hdi_symmetric_whitelist.py
    audit_hv_creepage.py
    audit_jlc_dfm.py
    audit_k3_chain_depth_compliance.py
    audit_k3_chain_pitch_collision.py
    audit_kelvin_shunt_routing.py
    audit_lockfile_completeness.py
    audit_mount_hole_keepout.py
    audit_mst_root_provenance.py
    audit_obstacle_overlay.py
    audit_pad_edge_clearance.py
    audit_pad_layer_detection.py
    audit_panel_fit.py
    audit_parametric_compliance.py
    audit_per_phase_cluster_uniformity.py
    audit_phase_a_placement_proof.py
    audit_pickplace_reach.py
    audit_polarity_direction.py
    audit_polarity_marker.py
    audit_power_drc.py
    audit_return_path.py
    audit_rotation_alignment.py
    audit_routing_channels.py
    audit_shunt_fet_source_overlap.py
    audit_silk_size.py
    audit_sim_artifact_provenance.py
    audit_sim_execution.py
    audit_sim_mesh_validity.py
    audit_sim_result_sanity.py
    audit_stackup_dielectric.py
    audit_stackup_layers.py
    audit_star_point_tp_provenance.py
    audit_stub_length.py
    audit_subsystem_flow.py
    audit_sw_gnd_return_pair.py
    audit_test_point_access.py
    audit_zone_density.py
    audit_zone_keepout_provenance.py
    audit_zone_tile_continuity.py
    auto_anchor_passives.py
    auto_reposition_silk.py
    carve_zone_keepout.py
    ch234_passives_dict.py
    channel_skidl.py
    check_dimensional_feasibility.py
    clear_board_to_subsystems_outline.py
    clear_motor_tp_zones.py
    compute_board_invariant_hash.py
    constraint_engine.py
    dedup_power_tracks.py
    diag_all_bulk_caps.py
    diag_board_inside_body_sweep.py
    diag_c1_overlap.py
    dsn_inject_planes.py
    dsn_strip_planes.py
    expand_motor_pour.py
    explore_bulk_cap_alts.py
    export_dsn.py
    extract_sim_verdicts.py
    fix_bemf_symmetry.py
    fix_gate_r_quadrant.py
    fix_inside_body_targeted.py
    fix_phase3_hand_craft.py
    fix_phase3_ina_east.py
    fix_phase3_round2.py
    fix_silk_on_pad_step4b.py
    fix_stub_track_widths.py
    geometry_primitives.py
    hand_route_residual.py
    inject_stackup.py
    inject_vmotor_pour.py
    insert_relay_resistor.py
    integrate_resolver.py
    investigate_11_fails.py
    j19_micro_relief.py
    live_load_y_joint_k3.py
    lockfile.py
    manual_relocations.py
    master_audit_invariants.py
    master_review_board.py
    migrate_footprints.py
    migrate_to_bcu.py
    mirror_bemf_clean.py
    mirror_ch1_to_ch2.py
    mirror_ch1_to_ch234.py
    mirror_fail_histogram.py
    move_bulk_caps_clear.py
    move_critical_silk_text.py
    move_obstacle.py
    net_connectivity.py
    parametric_placement.py
    park_all_components.py
    pcbai_fpv4in1_skidl.py
    pcbai_fpv4in1_skidl_sklib.py
    physics_primitives.py
    place_subsystem.py
    place_subsystem_ch1.py
    place_subsystem_ch1_v2.py
    place_subsystem_ch1_v3.py
    place_subsystem_ch2_mirror.py
    place_subsystem_ch3_mirror.py
    place_subsystem_ch4_mirror.py
    place_subsystem_s1_input.py
    place_subsystem_s3_supervisor.py
    place_subsystem_s5_bec.py
    place_subsystem_s6_connectors.py
    placement_phase_a_grid_scorer.py
    post_kinet2pcb_pipeline.py
    relocate_inside_body_invaders.py
    remove_onpad_vias.py
    render_net_connectivity_graph.py
    render_obstacle_overlay.py
    render_pr_visual.py
    render_zone_plan.py
    roster.py
    route_ch1.py
    route_ch1_bemf_complete.py
    route_ch1_critical.py
    route_final.py
    route_power_stitch.py
    route_s1.py
    route_s2.py
    route_s3.py
    route_s5.py
    route_s6.py
    route_signals_collision_aware.py
    route_signals_role_aware.py
    route_unconnected_aggressive.py
    route_vref_star.py
    selftest_shunt_overlap_pr197.py
    signal_density_check.py
    silk_hide_passives_post_snap.py
    snap_mirror_partners.py
    snap_mirror_validated.py
    stitch_vmotor_plane.py
    strip_tracks_vias.py
    surgical_clear.py
    swap_b1_bom.py
    swap_one_fet.py
    targeted_ripup.py
    test_aa_pathfinder.py
    test_audit_hdi_blind_f_in2.py
    test_audit_targeted_ripup.py
    test_bb_bcu_microvia.py
    test_cc_hdi_symmetric_whitelist.py
    test_dd_mst_root_inversion.py
    test_ee_k3_chain_emit_fix.py
    test_emit_blind_f_in2.py
    test_ff_pad_layer_fix.py
    test_ii_obstacle_overlay.py
    test_inject_vmotor_pour.py
    test_inject_vmotor_pour_live.py
    test_k3_caller_side.py
    test_k3_caller_side_live.py
    test_leaf_route.py
    test_leaf_route_integration.py
    test_optionA_zone_keepout.py
    test_route_on_board.py
    test_stitch_vmotor_plane.py
    test_uu4_star_point_tp.py
    test_w_lever_multi_mech_unblock.py
    test_x_lever_t20_distinguishability.py
    test_y_joint_k3.py
    test_z_extended_chain_depth.py
    test_z_route_hardest_first.py
    verify_placement.py

✅ All manifest-declared audit functions + fix scripts are present on disk
