[coop] layer-pref-bias: ON (v5 per-net-class layer cost multiplier; BEMF→In4, PWM/CSA→In2, SWD/GH/GL/BST→In8, etc.)
[coop] via-in-pad-allowed: ON (v6 HDI whitelist=['J18', 'J19']; unblocks J18/J19 QFN escape per worker per-pin diagnosis)
[coop] HDI via-in-pad: skipped via-keepout on 113 pad-layer entries (whitelist=['J18', 'J19']; expected ~50-60 for J18 32 sigpads + J19 24 sigpads on F.Cu)

[main] LEVER BB: B.Cu microvia destination-side HDI escape enabled (nets=['PWM_INLA_CH1', 'GLB_CH1', 'KILL_RAIL_N_CH1'], refs=['J19', 'R50', 'R76', 'D37', 'D38'])
[coop] 5 target nets in CH1: PWM_INHB_CH1, PWM_INLA_CH1, GLB_CH1, KILL_RAIL_N_CH1, SWDIO_CH1

[coop] LEVER Z: route-hardest-first enabled — identifying HDI-whitelisted nets BEFORE main cooperative pass
  [Z] HDI-whitelisted target nets (5): ['GLB_CH1', 'KILL_RAIL_N_CH1', 'PWM_INHB_CH1', 'PWM_INLA_CH1', 'SWDIO_CH1']
  [Y] cascade k=5: trying subset ['KILL_RAIL_N_CH1', 'GLB_CH1', 'PWM_INHB_CH1', 'PWM_INLA_CH1', 'SWDIO_CH1']
      joint try (5 nets, 4 routed): {'KILL_RAIL_N_CH1': 'routed', 'GLB_CH1': 'routed', 'PWM_INHB_CH1': 'failed', 'PWM_INLA_CH1': 'routed', 'SWDIO_CH1': 'routed'}
  [Y] cascade k=4: trying subset ['KILL_RAIL_N_CH1', 'GLB_CH1', 'PWM_INHB_CH1', 'PWM_INLA_CH1']
      joint try (4 nets, 3 routed): {'KILL_RAIL_N_CH1': 'routed', 'GLB_CH1': 'routed', 'PWM_INHB_CH1': 'failed', 'PWM_INLA_CH1': 'routed'}
  [Y] cascade k=3: trying subset ['KILL_RAIL_N_CH1', 'GLB_CH1', 'PWM_INHB_CH1']
      joint try (3 nets, 2 routed): {'KILL_RAIL_N_CH1': 'routed', 'GLB_CH1': 'routed', 'PWM_INHB_CH1': 'failed'}
  [Y] cascade k=2: trying subset ['KILL_RAIL_N_CH1', 'GLB_CH1']
      joint try (2 nets, 2 routed): {'KILL_RAIL_N_CH1': 'routed', 'GLB_CH1': 'routed'}
  [Y] cascade k=2: ALL ROUTED — committing subset ['KILL_RAIL_N_CH1', 'GLB_CH1']
      [Y] KILL_RAIL_N_CH1 J19.8->D38.2: chain=['through'] len_mm=11.62
      [Y] KILL_RAIL_N_CH1 J19.8->D37.2: chain=['through', 'through'] len_mm=9.47
      [Y] GLB_CH1 J19.10->R50.1: chain=['through', 'through'] len_mm=26.19
  [Z] HDI-first phase routed 2/5: ['GLB_CH1', 'KILL_RAIL_N_CH1']

[coop] === Iteration 1/30 (present_factor=1.00) ===
  [.] PWM_INHB_CH1: FAILED (fail_count=1)
  [.] PWM_INLA_CH1: FAILED (fail_count=1)
  [.] SWDIO_CH1: FAILED (fail_count=1)
  pass result: routed=0 partial=0 still_unrouted=3 repairs_ok=0 open_partials=0

[coop] === Iteration 2/30 (present_factor=1.40) ===
  [.] PWM_INHB_CH1: FAILED (fail_count=2)
  [.] PWM_INLA_CH1: FAILED (fail_count=2)
  [.] SWDIO_CH1: FAILED (fail_count=2)
  pass result: routed=0 partial=0 still_unrouted=3 repairs_ok=0 open_partials=0
  plateau force-rip 3 random nets: ['KILL_RAIL_N_CH1', 'GLB_CH1']
[coop] HDI via-in-pad: skipped via-keepout on 113 pad-layer entries (whitelist=['J18', 'J19']; expected ~50-60 for J18 32 sigpads + J19 24 sigpads on F.Cu)

[coop] === Iteration 3/30 (present_factor=1.96) ===
  [.] PWM_INHB_CH1: FAILED (fail_count=3)
  [.] PWM_INLA_CH1: FAILED (fail_count=3)
  [.] SWDIO_CH1: FAILED (fail_count=3)
  [.] GLB_CH1: FAILED (fail_count=1)
  [!] KILL_RAIL_N_CH1: MST-ROUTED but VERIFY-SPLIT (3 islands: [['D38.2', 'D37.2'], ['J19.8'], ['R76.1']]) — ripping + retry
  pass result: routed=0 partial=0 still_unrouted=5 repairs_ok=0 open_partials=1

[coop] === Iteration 4/30 (present_factor=2.74) ===
  [.] PWM_INHB_CH1: FAILED (fail_count=4)
  [.] PWM_INLA_CH1: FAILED (fail_count=4)
  [.] SWDIO_CH1: FAILED (fail_count=4)
  [+] GLB_CH1: routed (16 segs, 4 vias) verify=1-island fail_count_was=1
  [!] KILL_RAIL_N_CH1: MST-ROUTED but VERIFY-SPLIT (3 islands: [['D38.2', 'D37.2'], ['J19.8'], ['R76.1']]) — ripping + retry
  pass result: routed=1 partial=0 still_unrouted=4 repairs_ok=0 open_partials=1
  ripping 1 congestion-blocker nets: ['GLB_CH1']
[coop] HDI via-in-pad: skipped via-keepout on 113 pad-layer entries (whitelist=['J18', 'J19']; expected ~50-60 for J18 32 sigpads + J19 24 sigpads on F.Cu)

[coop] === Iteration 5/30 (present_factor=3.84) ===
  [.] PWM_INHB_CH1: FAILED (fail_count=5)
  [.] PWM_INLA_CH1: FAILED (fail_count=5)
  [.] SWDIO_CH1: FAILED (fail_count=5)
  [!] KILL_RAIL_N_CH1: MST-ROUTED but VERIFY-SPLIT (3 islands: [['D38.2', 'D37.2'], ['J19.8'], ['R76.1']]) — ripping + retry
  [.] GLB_CH1: FAILED (fail_count=2)
  pass result: routed=0 partial=0 still_unrouted=5 repairs_ok=0 open_partials=1

[coop] === Iteration 6/30 (present_factor=5.38) ===
  [.] PWM_INHB_CH1: FAILED (fail_count=6)
  [.] PWM_INLA_CH1: FAILED (fail_count=6)
  [.] SWDIO_CH1: FAILED (fail_count=6)
  [!] KILL_RAIL_N_CH1: MST-ROUTED but VERIFY-SPLIT (3 islands: [['D38.2', 'D37.2'], ['J19.8'], ['R76.1']]) — ripping + retry
  [+] GLB_CH1: routed (16 segs, 4 vias) verify=1-island fail_count_was=2
  pass result: routed=1 partial=0 still_unrouted=4 repairs_ok=0 open_partials=1
  ripping 1 congestion-blocker nets: ['GLB_CH1']
[coop] HDI via-in-pad: skipped via-keepout on 113 pad-layer entries (whitelist=['J18', 'J19']; expected ~50-60 for J18 32 sigpads + J19 24 sigpads on F.Cu)

[coop] === Iteration 7/30 (present_factor=7.53) ===
  [.] PWM_INHB_CH1: FAILED (fail_count=7)
  [.] PWM_INLA_CH1: FAILED (fail_count=7)
  [.] SWDIO_CH1: FAILED (fail_count=7)
  [!] KILL_RAIL_N_CH1: MST-ROUTED but VERIFY-SPLIT (3 islands: [['D38.2', 'D37.2'], ['J19.8'], ['R76.1']]) — ripping + retry
  [+] GLB_CH1: routed (16 segs, 4 vias) verify=1-island fail_count_was=2
  pass result: routed=1 partial=0 still_unrouted=4 repairs_ok=0 open_partials=1
  ripping 1 congestion-blocker nets: ['GLB_CH1']
[coop] HDI via-in-pad: skipped via-keepout on 113 pad-layer entries (whitelist=['J18', 'J19']; expected ~50-60 for J18 32 sigpads + J19 24 sigpads on F.Cu)

[coop] === Iteration 8/30 (present_factor=10.54) ===
  [.] PWM_INHB_CH1: FAILED (fail_count=8)
  [.] PWM_INLA_CH1: FAILED (fail_count=8)
  [.] SWDIO_CH1: FAILED (fail_count=8)
  [!] KILL_RAIL_N_CH1: MST-ROUTED but VERIFY-SPLIT (3 islands: [['D38.2', 'D37.2'], ['J19.8'], ['R76.1']]) — ripping + retry
  [+] GLB_CH1: routed (16 segs, 4 vias) verify=1-island fail_count_was=2
  pass result: routed=1 partial=0 still_unrouted=4 repairs_ok=0 open_partials=1
  ripping 1 congestion-blocker nets: ['GLB_CH1']
[coop] HDI via-in-pad: skipped via-keepout on 113 pad-layer entries (whitelist=['J18', 'J19']; expected ~50-60 for J18 32 sigpads + J19 24 sigpads on F.Cu)

[coop] === Iteration 9/30 (present_factor=14.76) ===
  [.] PWM_INHB_CH1: FAILED (fail_count=9)
  [.] PWM_INLA_CH1: FAILED (fail_count=9)
  [.] SWDIO_CH1: FAILED (fail_count=9)
  [!] KILL_RAIL_N_CH1: MST-ROUTED but VERIFY-SPLIT (3 islands: [['D38.2', 'D37.2'], ['J19.8'], ['R76.1']]) — ripping + retry
  [+] GLB_CH1: routed (16 segs, 4 vias) verify=1-island fail_count_was=2
  pass result: routed=1 partial=0 still_unrouted=4 repairs_ok=0 open_partials=1
  ripping 1 congestion-blocker nets: ['GLB_CH1']
[coop] HDI via-in-pad: skipped via-keepout on 113 pad-layer entries (whitelist=['J18', 'J19']; expected ~50-60 for J18 32 sigpads + J19 24 sigpads on F.Cu)

[coop] === Iteration 10/30 (present_factor=20.66) ===
  [.] PWM_INHB_CH1: FAILED (fail_count=10)
  [.] PWM_INLA_CH1: FAILED (fail_count=10)
  [.] SWDIO_CH1: FAILED (fail_count=10)
  [!] KILL_RAIL_N_CH1: MST-ROUTED but VERIFY-SPLIT (3 islands: [['D38.2', 'D37.2'], ['J19.8'], ['R76.1']]) — ripping + retry
  [+] GLB_CH1: routed (16 segs, 4 vias) verify=1-island fail_count_was=2
  pass result: routed=1 partial=0 still_unrouted=4 repairs_ok=0 open_partials=1
  ripping 1 congestion-blocker nets: ['GLB_CH1']
[coop] HDI via-in-pad: skipped via-keepout on 113 pad-layer entries (whitelist=['J18', 'J19']; expected ~50-60 for J18 32 sigpads + J19 24 sigpads on F.Cu)

[coop] === Iteration 11/30 (present_factor=28.93) ===
  [.] PWM_INHB_CH1: FAILED (fail_count=11)
  [.] PWM_INLA_CH1: FAILED (fail_count=11)
  [.] SWDIO_CH1: FAILED (fail_count=11)
  [!] KILL_RAIL_N_CH1: MST-ROUTED but VERIFY-SPLIT (3 islands: [['D38.2', 'D37.2'], ['J19.8'], ['R76.1']]) — ripping + retry
  [+] GLB_CH1: routed (16 segs, 4 vias) verify=1-island fail_count_was=2
  pass result: routed=1 partial=0 still_unrouted=4 repairs_ok=0 open_partials=1
  ripping 1 congestion-blocker nets: ['GLB_CH1']
[coop] HDI via-in-pad: skipped via-keepout on 113 pad-layer entries (whitelist=['J18', 'J19']; expected ~50-60 for J18 32 sigpads + J19 24 sigpads on F.Cu)

[coop] === Iteration 12/30 (present_factor=40.50) ===
  [.] PWM_INHB_CH1: FAILED (fail_count=12)
  [.] PWM_INLA_CH1: FAILED (fail_count=12)
  [.] SWDIO_CH1: FAILED (fail_count=12)
  [!] KILL_RAIL_N_CH1: MST-ROUTED but VERIFY-SPLIT (3 islands: [['D38.2', 'D37.2'], ['J19.8'], ['R76.1']]) — ripping + retry
  [+] GLB_CH1: routed (16 segs, 4 vias) verify=1-island fail_count_was=2
  pass result: routed=1 partial=0 still_unrouted=4 repairs_ok=0 open_partials=1
  ripping 1 congestion-blocker nets: ['GLB_CH1']
[coop] HDI via-in-pad: skipped via-keepout on 113 pad-layer entries (whitelist=['J18', 'J19']; expected ~50-60 for J18 32 sigpads + J19 24 sigpads on F.Cu)

[coop] === Iteration 13/30 (present_factor=56.69) ===
  [.] PWM_INHB_CH1: FAILED (fail_count=13)
  [.] PWM_INLA_CH1: FAILED (fail_count=13)
  [.] SWDIO_CH1: FAILED (fail_count=13)
  [!] KILL_RAIL_N_CH1: MST-ROUTED but VERIFY-SPLIT (3 islands: [['D38.2', 'D37.2'], ['J19.8'], ['R76.1']]) — ripping + retry
  [+] GLB_CH1: routed (16 segs, 4 vias) verify=1-island fail_count_was=2
  pass result: routed=1 partial=0 still_unrouted=4 repairs_ok=0 open_partials=1
  ripping 1 congestion-blocker nets: ['GLB_CH1']
[coop] HDI via-in-pad: skipped via-keepout on 113 pad-layer entries (whitelist=['J18', 'J19']; expected ~50-60 for J18 32 sigpads + J19 24 sigpads on F.Cu)

[coop] === Iteration 14/30 (present_factor=79.37) ===
  [.] PWM_INHB_CH1: FAILED (fail_count=14)
  [.] PWM_INLA_CH1: FAILED (fail_count=14)
  [.] SWDIO_CH1: FAILED (fail_count=14)
  [!] KILL_RAIL_N_CH1: MST-ROUTED but VERIFY-SPLIT (3 islands: [['D38.2', 'D37.2'], ['J19.8'], ['R76.1']]) — ripping + retry
  [+] GLB_CH1: routed (18 segs, 4 vias) verify=1-island fail_count_was=2
  pass result: routed=1 partial=0 still_unrouted=4 repairs_ok=0 open_partials=1
  ripping 1 congestion-blocker nets: ['GLB_CH1']
[coop] HDI via-in-pad: skipped via-keepout on 113 pad-layer entries (whitelist=['J18', 'J19']; expected ~50-60 for J18 32 sigpads + J19 24 sigpads on F.Cu)

[coop] === Iteration 15/30 (present_factor=111.12) ===
  [.] PWM_INHB_CH1: FAILED (fail_count=15)
  [.] PWM_INLA_CH1: FAILED (fail_count=15)
  [.] SWDIO_CH1: FAILED (fail_count=15)
  [!] KILL_RAIL_N_CH1: MST-ROUTED but VERIFY-SPLIT (3 islands: [['D38.2', 'D37.2'], ['J19.8'], ['R76.1']]) — ripping + retry
  [+] GLB_CH1: routed (17 segs, 4 vias) verify=1-island fail_count_was=2
  pass result: routed=1 partial=0 still_unrouted=4 repairs_ok=0 open_partials=1
  ripping 1 congestion-blocker nets: ['GLB_CH1']
[coop] HDI via-in-pad: skipped via-keepout on 113 pad-layer entries (whitelist=['J18', 'J19']; expected ~50-60 for J18 32 sigpads + J19 24 sigpads on F.Cu)

[coop] === Iteration 16/30 (present_factor=155.57) ===
  [.] PWM_INHB_CH1: FAILED (fail_count=16)
  [.] PWM_INLA_CH1: FAILED (fail_count=16)
  [.] SWDIO_CH1: FAILED (fail_count=16)
  [!] KILL_RAIL_N_CH1: MST-ROUTED but VERIFY-SPLIT (3 islands: [['D38.2', 'D37.2'], ['J19.8'], ['R76.1']]) — ripping + retry
  [+] GLB_CH1: routed (18 segs, 4 vias) verify=1-island fail_count_was=2
  pass result: routed=1 partial=0 still_unrouted=4 repairs_ok=0 open_partials=1
  ripping 1 congestion-blocker nets: ['GLB_CH1']
[coop] HDI via-in-pad: skipped via-keepout on 113 pad-layer entries (whitelist=['J18', 'J19']; expected ~50-60 for J18 32 sigpads + J19 24 sigpads on F.Cu)

[coop] === Iteration 17/30 (present_factor=217.80) ===
  [.] PWM_INHB_CH1: FAILED (fail_count=17)
  [.] PWM_INLA_CH1: FAILED (fail_count=17)
  [.] SWDIO_CH1: FAILED (fail_count=17)
  [!] KILL_RAIL_N_CH1: MST-ROUTED but VERIFY-SPLIT (3 islands: [['D38.2', 'D37.2'], ['J19.8'], ['R76.1']]) — ripping + retry
  [+] GLB_CH1: routed (14 segs, 4 vias) verify=1-island fail_count_was=2
  pass result: routed=1 partial=0 still_unrouted=4 repairs_ok=0 open_partials=1
  ripping 1 congestion-blocker nets: ['GLB_CH1']
[coop] HDI via-in-pad: skipped via-keepout on 113 pad-layer entries (whitelist=['J18', 'J19']; expected ~50-60 for J18 32 sigpads + J19 24 sigpads on F.Cu)

[coop] === Iteration 18/30 (present_factor=304.91) ===
  [.] PWM_INHB_CH1: FAILED (fail_count=18)
  [.] PWM_INLA_CH1: FAILED (fail_count=18)
  [.] SWDIO_CH1: FAILED (fail_count=18)
  [!] KILL_RAIL_N_CH1: MST-ROUTED but VERIFY-SPLIT (3 islands: [['D38.2', 'D37.2'], ['J19.8'], ['R76.1']]) — ripping + retry
  [+] GLB_CH1: routed (13 segs, 4 vias) verify=1-island fail_count_was=2
  pass result: routed=1 partial=0 still_unrouted=4 repairs_ok=0 open_partials=1
  ripping 1 congestion-blocker nets: ['GLB_CH1']
[coop] HDI via-in-pad: skipped via-keepout on 113 pad-layer entries (whitelist=['J18', 'J19']; expected ~50-60 for J18 32 sigpads + J19 24 sigpads on F.Cu)

[coop] === Iteration 19/30 (present_factor=426.88) ===
  [.] PWM_INHB_CH1: FAILED (fail_count=19)
  [.] PWM_INLA_CH1: FAILED (fail_count=19)
  [.] SWDIO_CH1: FAILED (fail_count=19)
  [!] KILL_RAIL_N_CH1: MST-ROUTED but VERIFY-SPLIT (3 islands: [['D38.2', 'D37.2'], ['J19.8'], ['R76.1']]) — ripping + retry
  [.] GLB_CH1: FAILED (fail_count=3)
  pass result: routed=0 partial=0 still_unrouted=5 repairs_ok=0 open_partials=1

[coop] === Iteration 20/30 (present_factor=597.63) ===
  [.] PWM_INHB_CH1: FAILED (fail_count=20)
  [.] PWM_INLA_CH1: FAILED (fail_count=20)
  [.] SWDIO_CH1: FAILED (fail_count=20)
  [!] KILL_RAIL_N_CH1: MST-ROUTED but VERIFY-SPLIT (3 islands: [['D38.2', 'D37.2'], ['J19.8'], ['R76.1']]) — ripping + retry
  [+] GLB_CH1: routed (14 segs, 4 vias) verify=1-island fail_count_was=3
  pass result: routed=1 partial=0 still_unrouted=4 repairs_ok=0 open_partials=1
  ripping 1 congestion-blocker nets: ['GLB_CH1']
[coop] HDI via-in-pad: skipped via-keepout on 113 pad-layer entries (whitelist=['J18', 'J19']; expected ~50-60 for J18 32 sigpads + J19 24 sigpads on F.Cu)

[coop] === Iteration 21/30 (present_factor=836.68) ===
  [.] PWM_INHB_CH1: FAILED (fail_count=21)
  [.] PWM_INLA_CH1: FAILED (fail_count=21)
  [.] SWDIO_CH1: FAILED (fail_count=21)
  [!] KILL_RAIL_N_CH1: MST-ROUTED but VERIFY-SPLIT (3 islands: [['D38.2', 'D37.2'], ['J19.8'], ['R76.1']]) — ripping + retry
  [+] GLB_CH1: routed (16 segs, 4 vias) verify=1-island fail_count_was=3
  pass result: routed=1 partial=0 still_unrouted=4 repairs_ok=0 open_partials=1
  ripping 1 congestion-blocker nets: ['GLB_CH1']
[coop] HDI via-in-pad: skipped via-keepout on 113 pad-layer entries (whitelist=['J18', 'J19']; expected ~50-60 for J18 32 sigpads + J19 24 sigpads on F.Cu)

[coop] === Iteration 22/30 (present_factor=1171.36) ===
  [.] PWM_INHB_CH1: FAILED (fail_count=22)
  [.] PWM_INLA_CH1: FAILED (fail_count=22)
  [.] SWDIO_CH1: FAILED (fail_count=22)
  [!] KILL_RAIL_N_CH1: MST-ROUTED but VERIFY-SPLIT (3 islands: [['D38.2', 'D37.2'], ['J19.8'], ['R76.1']]) — ripping + retry
  [+] GLB_CH1: routed (18 segs, 4 vias) verify=1-island fail_count_was=3
  pass result: routed=1 partial=0 still_unrouted=4 repairs_ok=0 open_partials=1
  ripping 1 congestion-blocker nets: ['GLB_CH1']
[coop] HDI via-in-pad: skipped via-keepout on 113 pad-layer entries (whitelist=['J18', 'J19']; expected ~50-60 for J18 32 sigpads + J19 24 sigpads on F.Cu)

[coop] === Iteration 23/30 (present_factor=1639.90) ===
  [.] PWM_INHB_CH1: FAILED (fail_count=23)
  [.] PWM_INLA_CH1: FAILED (fail_count=23)
  [.] SWDIO_CH1: FAILED (fail_count=23)
  [!] KILL_RAIL_N_CH1: MST-ROUTED but VERIFY-SPLIT (3 islands: [['D38.2', 'D37.2'], ['J19.8'], ['R76.1']]) — ripping + retry
  [+] GLB_CH1: routed (16 segs, 4 vias) verify=1-island fail_count_was=3
  pass result: routed=1 partial=0 still_unrouted=4 repairs_ok=0 open_partials=1
  ripping 1 congestion-blocker nets: ['GLB_CH1']
[coop] HDI via-in-pad: skipped via-keepout on 113 pad-layer entries (whitelist=['J18', 'J19']; expected ~50-60 for J18 32 sigpads + J19 24 sigpads on F.Cu)

[coop] === Iteration 24/30 (present_factor=2295.86) ===
  [.] PWM_INHB_CH1: FAILED (fail_count=24)
  [.] PWM_INLA_CH1: FAILED (fail_count=24)
  [.] SWDIO_CH1: FAILED (fail_count=24)
  [!] KILL_RAIL_N_CH1: MST-ROUTED but VERIFY-SPLIT (3 islands: [['D38.2', 'D37.2'], ['J19.8'], ['R76.1']]) — ripping + retry
  [+] GLB_CH1: routed (18 segs, 4 vias) verify=1-island fail_count_was=3
  pass result: routed=1 partial=0 still_unrouted=4 repairs_ok=0 open_partials=1
  ripping 1 congestion-blocker nets: ['GLB_CH1']
[coop] HDI via-in-pad: skipped via-keepout on 113 pad-layer entries (whitelist=['J18', 'J19']; expected ~50-60 for J18 32 sigpads + J19 24 sigpads on F.Cu)

[coop] === Iteration 25/30 (present_factor=3214.20) ===
  [.] PWM_INHB_CH1: FAILED (fail_count=25)
  [.] PWM_INLA_CH1: FAILED (fail_count=25)
  [.] SWDIO_CH1: FAILED (fail_count=25)
  [!] KILL_RAIL_N_CH1: MST-ROUTED but VERIFY-SPLIT (3 islands: [['D38.2', 'D37.2'], ['J19.8'], ['R76.1']]) — ripping + retry
  [+] GLB_CH1: routed (16 segs, 4 vias) verify=1-island fail_count_was=3
  pass result: routed=1 partial=0 still_unrouted=4 repairs_ok=0 open_partials=1
  ripping 1 congestion-blocker nets: ['GLB_CH1']
[coop] HDI via-in-pad: skipped via-keepout on 113 pad-layer entries (whitelist=['J18', 'J19']; expected ~50-60 for J18 32 sigpads + J19 24 sigpads on F.Cu)

[coop] === Iteration 26/30 (present_factor=4499.88) ===
  [.] PWM_INHB_CH1: FAILED (fail_count=26)
  [.] PWM_INLA_CH1: FAILED (fail_count=26)
  [.] SWDIO_CH1: FAILED (fail_count=26)
  [!] KILL_RAIL_N_CH1: MST-ROUTED but VERIFY-SPLIT (3 islands: [['D38.2', 'D37.2'], ['J19.8'], ['R76.1']]) — ripping + retry
  [+] GLB_CH1: routed (16 segs, 4 vias) verify=1-island fail_count_was=3
  pass result: routed=1 partial=0 still_unrouted=4 repairs_ok=0 open_partials=1
  ripping 1 congestion-blocker nets: ['GLB_CH1']
[coop] HDI via-in-pad: skipped via-keepout on 113 pad-layer entries (whitelist=['J18', 'J19']; expected ~50-60 for J18 32 sigpads + J19 24 sigpads on F.Cu)

[coop] === Iteration 27/30 (present_factor=6299.83) ===
  [.] PWM_INHB_CH1: FAILED (fail_count=27)
  [.] PWM_INLA_CH1: FAILED (fail_count=27)
  [.] SWDIO_CH1: FAILED (fail_count=27)
  [!] KILL_RAIL_N_CH1: MST-ROUTED but VERIFY-SPLIT (3 islands: [['D38.2', 'D37.2'], ['J19.8'], ['R76.1']]) — ripping + retry
  [+] GLB_CH1: routed (16 segs, 4 vias) verify=1-island fail_count_was=3
  pass result: routed=1 partial=0 still_unrouted=4 repairs_ok=0 open_partials=1
  ripping 1 congestion-blocker nets: ['GLB_CH1']
[coop] HDI via-in-pad: skipped via-keepout on 113 pad-layer entries (whitelist=['J18', 'J19']; expected ~50-60 for J18 32 sigpads + J19 24 sigpads on F.Cu)

[coop] === Iteration 28/30 (present_factor=8819.76) ===
  [.] PWM_INHB_CH1: FAILED (fail_count=28)
  [.] PWM_INLA_CH1: FAILED (fail_count=28)
  [.] SWDIO_CH1: FAILED (fail_count=28)
  [!] KILL_RAIL_N_CH1: MST-ROUTED but VERIFY-SPLIT (3 islands: [['D38.2', 'D37.2'], ['J19.8'], ['R76.1']]) — ripping + retry
  [.] GLB_CH1: FAILED (fail_count=4)
  pass result: routed=0 partial=0 still_unrouted=5 repairs_ok=0 open_partials=1

[coop] === Iteration 29/30 (present_factor=12347.67) ===
  [.] PWM_INHB_CH1: FAILED (fail_count=29)
  [.] PWM_INLA_CH1: FAILED (fail_count=29)
  [.] SWDIO_CH1: FAILED (fail_count=29)
  [!] KILL_RAIL_N_CH1: MST-ROUTED but VERIFY-SPLIT (3 islands: [['D38.2', 'D37.2'], ['J19.8'], ['R76.1']]) — ripping + retry
  [+] GLB_CH1: routed (16 segs, 4 vias) verify=1-island fail_count_was=4
  pass result: routed=1 partial=0 still_unrouted=4 repairs_ok=0 open_partials=1
  ripping 1 congestion-blocker nets: ['GLB_CH1']
[coop] HDI via-in-pad: skipped via-keepout on 113 pad-layer entries (whitelist=['J18', 'J19']; expected ~50-60 for J18 32 sigpads + J19 24 sigpads on F.Cu)

[coop] === Iteration 30/30 (present_factor=17286.74) ===
  [.] PWM_INHB_CH1: FAILED (fail_count=30)
  [.] PWM_INLA_CH1: FAILED (fail_count=30)
  [.] SWDIO_CH1: FAILED (fail_count=30)
  [!] KILL_RAIL_N_CH1: MST-ROUTED but VERIFY-SPLIT (3 islands: [['D38.2', 'D37.2'], ['J19.8'], ['R76.1']]) — ripping + retry
  [.] GLB_CH1: FAILED (fail_count=5)
  pass result: routed=0 partial=0 still_unrouted=5 repairs_ok=0 open_partials=1

[coop] DONE. full_routed=0/5 partial=0 unrouted=5 iterations=30 ripups=53 elapsed=1470.9s

[coop] JOINT multi-mech fallback (CH1 30/30 lever Y): attempting 5 unrouted net(s) simultaneously
  [Y] cascade k=5: trying subset ['KILL_RAIL_N_CH1', 'GLB_CH1', 'PWM_INHB_CH1', 'PWM_INLA_CH1', 'SWDIO_CH1']
      joint try (5 nets, 4 routed): {'KILL_RAIL_N_CH1': 'routed', 'GLB_CH1': 'routed', 'PWM_INHB_CH1': 'failed', 'PWM_INLA_CH1': 'routed', 'SWDIO_CH1': 'routed'}
  [Y] cascade k=4: trying subset ['KILL_RAIL_N_CH1', 'GLB_CH1', 'PWM_INHB_CH1', 'PWM_INLA_CH1']
      joint try (4 nets, 3 routed): {'KILL_RAIL_N_CH1': 'routed', 'GLB_CH1': 'routed', 'PWM_INHB_CH1': 'failed', 'PWM_INLA_CH1': 'routed'}
  [Y] cascade k=3: trying subset ['KILL_RAIL_N_CH1', 'GLB_CH1', 'PWM_INHB_CH1']
      joint try (3 nets, 2 routed): {'KILL_RAIL_N_CH1': 'routed', 'GLB_CH1': 'routed', 'PWM_INHB_CH1': 'failed'}
  [Y] cascade k=2: trying subset ['KILL_RAIL_N_CH1', 'GLB_CH1']
      joint try (2 nets, 2 routed): {'KILL_RAIL_N_CH1': 'routed', 'GLB_CH1': 'routed'}
  [Y] cascade k=2: ALL ROUTED — committing subset ['KILL_RAIL_N_CH1', 'GLB_CH1']
      [Y] KILL_RAIL_N_CH1 J19.8->D38.2: chain=['through'] len_mm=11.62
      [Y] KILL_RAIL_N_CH1 J19.8->D37.2: chain=['through', 'through'] len_mm=9.47
      [Y] GLB_CH1 J19.10->R50.1: chain=['through', 'through'] len_mm=26.19
[coop] JOINT K3 result: 2/5 rescued (['GLB_CH1', 'KILL_RAIL_N_CH1'])

[coop] SEQUENTIAL multi-mech fallback (CH1 30/30 lever K3): attempting 3 residual net(s)
  [.] PWM_INHB_CH1: K3 multi-mech aggregate status=partial (0/1 pairs routed) — atomic rollback (per-net)
      pair J18.15->J19.1: chain=['through', 'through'] len_mm=13.14 tracks=6 vias=2
  [+] PWM_INLA_CH1: routed via multi-mech chain
      pair J18.23->TP22.1: chain=['through', 'through'] len_mm=9.36 tracks=7 vias=2
  [+] SWDIO_CH1: routed via multi-mech chain
[coop] multi-mech fallback done; remaining unrouted = 1
[coop] UNROUTED nets: ['PWM_INHB_CH1']
[coop] PARTIAL nets (with unrouted pad-pairs):
  KILL_RAIL_N_CH1: [('D38.2', 'J19.8')]
[coop] K2 partial-MST provenance: wrote 95 entry(ies)

[targeted-ripup] cooperative plateau at 4 routed / 1 residual; engaging targeted ripup-rebuild phase (R36-R39 + R-J5; depth ≤ 2; provenance under sims/routing_provenance/targeted_ripup/)
/home/novatics64/escworker/pcb.ai/hardware/kicad/scripts/route_subsystem_cooperative.py:5013: DeprecationWarning: datetime.datetime.utcnow() is deprecated and scheduled for removal in a future version. Use timezone-aware objects to represent datetimes in UTC: datetime.datetime.now(datetime.UTC).
  timestamp_iso=_tr_dt.datetime.utcnow().isoformat() + "Z",
[targeted-ripup] PWM_INHB_CH1: ROLLBACK — no_conflict (corridor unobstructed by foreigns)
[targeted-ripup] phase done: 0/1 attempts committed.

[leaf-route] cooperative + targeted-ripup phases done; scanning committed nets for disconnected leaves (lever Q; R42 / G_Q1; provenance under sims/routing_provenance/leaf_route/)
[leaf-route] 1 net(s) with disconnected leaf(s)
  KILL_RAIL_N_CH1: trunk=['J19.8', 'D38.2', 'D37.2'] leaves=['R76.1']
    [leaf-route] KILL_RAIL_N_CH1.R76.1: NO_PATH (provenance: b08157e4eb37_KILL_RAIL_N_CH1_R76.1_000.json)
[leaf-route] phase done: 0/1 leaf-attempts committed.

Saved: /tmp/post_route_vi.kicad_pcb
Result: full=3/5 partial=1 unrouted=1, 30 iterations, 53 ripups
Report: /tmp/coop_report_vi.json
